<?xml version="1.0" encoding="UTF-8"?>
<testng-results ignored="0" total="4" passed="4" failed="0" skipped="0">
  <reporter-output>
  </reporter-output>
  <suite started-at="2026-06-25T13:07:23 IST" name="Default suite" finished-at="2026-06-25T13:07:38 IST" duration-ms="14946">
    <groups>
    </groups>
    <test started-at="2026-06-25T13:07:23 IST" name="Default test" finished-at="2026-06-25T13:07:38 IST" duration-ms="14946">
      <class name="Activity_11_Test">
        <test-method is-config="true" signature="setup()[pri:0, instance:Activity_11_Test@1dac5ef]" started-at="2026-06-25T13:07:23 IST" name="setup" finished-at="2026-06-25T13:07:32 IST" duration-ms="8817" status="PASS">
          <reporter-output>
          </reporter-output>
        </test-method> <!-- setup -->
        <test-method signature="verifyPageTitle()[pri:1, instance:Activity_11_Test@1dac5ef]" started-at="2026-06-25T13:07:32 IST" name="verifyPageTitle" finished-at="2026-06-25T13:07:32 IST" duration-ms="82" status="PASS">
          <reporter-output>
          </reporter-output>
        </test-method> <!-- verifyPageTitle -->
        <test-method signature="registerTest([Ljava.lang.String;)[pri:2, instance:Activity_11_Test@1dac5ef]" started-at="2026-06-25T13:07:33 IST" name="registerTest" data-provider="excelDataProvider" finished-at="2026-06-25T13:07:35 IST" duration-ms="1237" status="PASS">
          <params>
            <param index="0">
              <value>
                <![CDATA[[Ljava.lang.String;@27a7ef08]]>
              </value>
            </param>
          </params>
          <reporter-output>
          </reporter-output>
        </test-method> <!-- registerTest -->
        <test-method signature="registerTest([Ljava.lang.String;)[pri:2, instance:Activity_11_Test@1dac5ef]" started-at="2026-06-25T13:07:35 IST" name="registerTest" data-provider="excelDataProvider" finished-at="2026-06-25T13:07:36 IST" duration-ms="953" status="PASS">
          <params>
            <param index="0">
              <value>
                <![CDATA[[Ljava.lang.String;@280e8a1a]]>
              </value>
            </param>
          </params>
          <reporter-output>
          </reporter-output>
        </test-method> <!-- registerTest -->
        <test-method signature="registerTest([Ljava.lang.String;)[pri:2, instance:Activity_11_Test@1dac5ef]" started-at="2026-06-25T13:07:36 IST" name="registerTest" data-provider="excelDataProvider" finished-at="2026-06-25T13:07:36 IST" duration-ms="808" status="PASS">
          <params>
            <param index="0">
              <value>
                <![CDATA[[Ljava.lang.String;@61f80d55]]>
              </value>
            </param>
          </params>
          <reporter-output>
          </reporter-output>
        </test-method> <!-- registerTest -->
        <test-method is-config="true" signature="tearDown()[pri:0, instance:Activity_11_Test@1dac5ef]" started-at="2026-06-25T13:07:36 IST" name="tearDown" finished-at="2026-06-25T13:07:38 IST" duration-ms="1292" status="PASS">
          <reporter-output>
          </reporter-output>
        </test-method> <!-- tearDown -->
      </class> <!-- Activity_11_Test -->
    </test> <!-- Default test -->
  </suite> <!-- Default suite -->
</testng-results>
