<?xml version="1.0" encoding="UTF-8"?>
<testsuite name="FSTActivities"
           tests="2"
           failures="2"
           errors="0"
           skipped="0"
           time="1.040">
    <properties></properties>

            <testcase
                name="loginTest"
                time="0.678"
                classname="Activity_7_Test">

            <failure type="java.lang.AssertionError" message="expected [Invalid Credentials] but found [Invalid credentials]">
                <![CDATA[java.lang.AssertionError: expected [Invalid Credentials] but found [Invalid credentials]
                org.testng.Assert.fail(Assert.java:111)org.testng.Assert.failNotEquals(Assert.java:1578)org.testng.Assert.assertEqualsImpl(Assert.java:150)org.testng.Assert.assertEquals(Assert.java:132)org.testng.Assert.assertEquals(Assert.java:656)org.testng.Assert.assertEquals(Assert.java:666)Activity_7_Test.loginTest(Activity_7_Test.java:53)java.base/jdk.internal.reflect.DirectMethodHandleAccessor.invoke(DirectMethodHandleAccessor.java:103)java.base/java.lang.reflect.Method.invoke(Method.java:580)org.testng.internal.invokers.MethodInvocationHelper.invokeMethod(MethodInvocationHelper.java:141)org.testng.internal.invokers.TestInvoker.invokeMethod(TestInvoker.java:686)org.testng.internal.invokers.TestInvoker.invokeTestMethod(TestInvoker.java:230)org.testng.internal.invokers.MethodRunner.runInSequence(MethodRunner.java:63)org.testng.internal.invokers.TestInvoker$MethodInvocationAgent.invoke(TestInvoker.java:992)org.testng.internal.invokers.TestInvoker.invokeTestMethods(TestInvoker.java:203)org.testng.internal.invokers.TestMethodWorker.invokeTestMethods(TestMethodWorker.java:154)org.testng.internal.invokers.TestMethodWorker.run(TestMethodWorker.java:134)java.base/java.util.concurrent.Executors$RunnableAdapter.call(Executors.java:572)java.base/java.util.concurrent.FutureTask.run(FutureTask.java:317)org.testng.internal.thread.graph.TestNGFutureTask.run(TestNGFutureTask.java:22)java.base/java.util.concurrent.ThreadPoolExecutor.runWorker(ThreadPoolExecutor.java:1144)java.base/java.util.concurrent.ThreadPoolExecutor$Worker.run(ThreadPoolExecutor.java:642)java.base/java.lang.Thread.run(Thread.java:1583)
]]>
            </failure>
    </testcase>
            <testcase
                name="loginTest"
                time="0.362"
                classname="Activity_7_Test">

            <failure type="java.lang.AssertionError" message="expected [Invalid Credentials] but found [Invalid credentials]">
                <![CDATA[java.lang.AssertionError: expected [Invalid Credentials] but found [Invalid credentials]
                org.testng.Assert.fail(Assert.java:111)org.testng.Assert.failNotEquals(Assert.java:1578)org.testng.Assert.assertEqualsImpl(Assert.java:150)org.testng.Assert.assertEquals(Assert.java:132)org.testng.Assert.assertEquals(Assert.java:656)org.testng.Assert.assertEquals(Assert.java:666)Activity_7_Test.loginTest(Activity_7_Test.java:53)java.base/jdk.internal.reflect.DirectMethodHandleAccessor.invoke(DirectMethodHandleAccessor.java:103)java.base/java.lang.reflect.Method.invoke(Method.java:580)org.testng.internal.invokers.MethodInvocationHelper.invokeMethod(MethodInvocationHelper.java:141)org.testng.internal.invokers.TestInvoker.invokeMethod(TestInvoker.java:686)org.testng.internal.invokers.TestInvoker.invokeTestMethod(TestInvoker.java:230)org.testng.internal.invokers.MethodRunner.runInSequence(MethodRunner.java:63)org.testng.internal.invokers.TestInvoker$MethodInvocationAgent.invoke(TestInvoker.java:992)org.testng.internal.invokers.TestInvoker.invokeTestMethods(TestInvoker.java:203)org.testng.internal.invokers.TestMethodWorker.invokeTestMethods(TestMethodWorker.java:154)org.testng.internal.invokers.TestMethodWorker.run(TestMethodWorker.java:134)java.base/java.util.concurrent.Executors$RunnableAdapter.call(Executors.java:572)java.base/java.util.concurrent.FutureTask.run(FutureTask.java:317)org.testng.internal.thread.graph.TestNGFutureTask.run(TestNGFutureTask.java:22)java.base/java.util.concurrent.ThreadPoolExecutor.runWorker(ThreadPoolExecutor.java:1144)java.base/java.util.concurrent.ThreadPoolExecutor$Worker.run(ThreadPoolExecutor.java:642)java.base/java.lang.Thread.run(Thread.java:1583)
]]>
            </failure>
    </testcase>


</testsuite>
