<?xml version="1.0" encoding="UTF-8"?>
<testsuite name="Default test"
           tests="4"
           failures="0"
           errors="0"
           skipped="0"
           time="3.080">
    <properties></properties>



            <testcase
                name="verifyPageTitle"
                time="0.082"
                classname="Activity_11_Test">
            </testcase>
            <testcase
                name="registerTest"
                time="0.808"
                classname="Activity_11_Test">
            </testcase>
            <testcase
                name="registerTest"
                time="1.237"
                classname="Activity_11_Test">
            </testcase>
            <testcase
                name="registerTest"
                time="0.953"
                classname="Activity_11_Test">
            </testcase>
</testsuite>
