<?xml version="1.0" encoding="UTF-8"?>
<!-- Generated by org.testng.reporters.JUnitReportReporter -->
<testsuite hostname="IBM-1Q4SR24" failures="0" tests="3" name="Activity_10_Test" time="3.764" errors="0" timestamp="2026-06-25T12:18:35 IST" skipped="0">
  <testcase classname="Activity_10_Test" name="testForm" time="1.526"/>
  <testcase classname="Activity_10_Test" name="testForm" time="1.002"/>
  <testcase classname="Activity_10_Test" name="testForm" time="1.236"/>
</testsuite> <!-- Activity_10_Test -->
