<?xml version="1.0" encoding="UTF-8"?>
<!-- Generated by org.testng.reporters.JUnitReportReporter -->
<testsuite hostname="IBM-1Q4SR24" failures="0" tests="4" name="Activity_11_Test" time="3.080" errors="0" timestamp="2026-06-25T13:07:38 IST" skipped="0">
  <testcase classname="Activity_11_Test" name="verifyPageTitle" time="0.082"/>
  <testcase classname="Activity_11_Test" name="registerTest" time="0.808"/>
  <testcase classname="Activity_11_Test" name="registerTest" time="1.237"/>
  <testcase classname="Activity_11_Test" name="registerTest" time="0.953"/>
</testsuite> <!-- Activity_11_Test -->
