<?xml version="1.0" encoding="UTF-8"?>
<!-- Generated by org.testng.reporters.JUnitXMLReporter -->
<testsuite ignored="1" hostname="IBM-1Q4SR24" failures="3" tests="9" name="FSTActivities" time="23.241" errors="0" timestamp="2026-06-25T10:08:27 IST">
  <testcase classname="Activity_1_Test" name="homePageTest" time="0.31"/>
  <testcase classname="Activity_1_Test" name="aboutPageTest" time="0.09"/>
  <testcase classname="Activity_3_Test" name="testLogin" time="2.128"/>
  <testcase classname="Activity_2_Test" name="aSkipTest" time="0.004">
    <skipped/>
  </testcase> <!-- aSkipTest -->
  <testcase classname="Activity_2_Test" name="blackButtonFinding" time="0.084">
    <failure type="org.openqa.selenium.NoSuchElementException" message="Unable to locate element: Black Button
For documentation on this error, please visit: https://www.selenium.dev/documentation/webdriver/troubleshooting/errors#no-such-element-exception
Build info: version: &amp;apos;4.27.0&amp;apos;, revision: &amp;apos;d6e718d134&amp;apos;
System info: os.name: &amp;apos;Windows 11&amp;apos;, os.arch: &amp;apos;amd64&amp;apos;, os.version: &amp;apos;10.0&amp;apos;, java.version: &amp;apos;21.0.11&amp;apos;
Driver info: org.openqa.selenium.firefox.FirefoxDriver
Command: [0eafb5f7-e019-4cfa-8f6d-543aafad78c2, findElement {using=link text, value=Black Button}]
Capabilities {acceptInsecureCerts: true, browserName: firefox, browserVersion: 152.0.2, moz:accessibilityChecks: false, moz:buildID: 20260621191700, moz:geckodriverVersion: 0.37.0, moz:headless: false, moz:platformVersion: 10.0, moz:processID: 14968, moz:profile: C:\Users\NARAYA~1\AppData\L..., moz:shutdownTimeout: 60000, moz:webdriverClick: true, moz:windowless: false, pageLoadStrategy: normal, platformName: windows, proxy: Proxy(), setWindowRect: true, strictFileInteractability: false, timeouts: {implicit: 0, pageLoad: 300000, script: 30000}, unhandledPromptBehavior: dismiss and notify, userAgent: Mozilla/5.0 (Windows NT 10....}
Session ID: 0eafb5f7-e019-4cfa-8f6d-543aafad78c2">
      <![CDATA[org.openqa.selenium.NoSuchElementException: Unable to locate element: Black Button
For documentation on this error, please visit: https://www.selenium.dev/documentation/webdriver/troubleshooting/errors#no-such-element-exception
Build info: version: '4.27.0', revision: 'd6e718d134'
System info: os.name: 'Windows 11', os.arch: 'amd64', os.version: '10.0', java.version: '21.0.11'
Driver info: org.openqa.selenium.firefox.FirefoxDriver
Command: [0eafb5f7-e019-4cfa-8f6d-543aafad78c2, findElement {using=link text, value=Black Button}]
Capabilities {acceptInsecureCerts: true, browserName: firefox, browserVersion: 152.0.2, moz:accessibilityChecks: false, moz:buildID: 20260621191700, moz:geckodriverVersion: 0.37.0, moz:headless: false, moz:platformVersion: 10.0, moz:processID: 14968, moz:profile: C:\Users\NARAYA~1\AppData\L..., moz:shutdownTimeout: 60000, moz:webdriverClick: true, moz:windowless: false, pageLoadStrategy: normal, platformName: windows, proxy: Proxy(), setWindowRect: true, strictFileInteractability: false, timeouts: {implicit: 0, pageLoad: 300000, script: 30000}, unhandledPromptBehavior: dismiss and notify, userAgent: Mozilla/5.0 (Windows NT 10....}
Session ID: 0eafb5f7-e019-4cfa-8f6d-543aafad78c2
at org.openqa.selenium.remote.ErrorCodec.decode(ErrorCodec.java:167)
at org.openqa.selenium.remote.codec.w3c.W3CHttpResponseCodec.decode(W3CHttpResponseCodec.java:138)
at org.openqa.selenium.remote.codec.w3c.W3CHttpResponseCodec.decode(W3CHttpResponseCodec.java:50)
at org.openqa.selenium.remote.HttpCommandExecutor.execute(HttpCommandExecutor.java:190)
at org.openqa.selenium.remote.service.DriverCommandExecutor.invokeExecute(DriverCommandExecutor.java:216)
at org.openqa.selenium.remote.service.DriverCommandExecutor.execute(DriverCommandExecutor.java:174)
at org.openqa.selenium.remote.RemoteWebDriver.execute(RemoteWebDriver.java:545)
at org.openqa.selenium.remote.ElementLocation$ElementFinder$2.findElement(ElementLocation.java:165)
at org.openqa.selenium.remote.ElementLocation.findElement(ElementLocation.java:59)
at org.openqa.selenium.remote.RemoteWebDriver.findElement(RemoteWebDriver.java:368)
at org.openqa.selenium.remote.RemoteWebDriver.findElement(RemoteWebDriver.java:362)
at Activity_2_Test.blackButtonFinding(Activity_2_Test.java:29)
at java.base/java.util.concurrent.Executors$RunnableAdapter.call(Executors.java:572)
at java.base/java.util.concurrent.FutureTask.run(FutureTask.java:317)
at java.base/java.util.concurrent.ThreadPoolExecutor.runWorker(ThreadPoolExecutor.java:1144)
at java.base/java.util.concurrent.ThreadPoolExecutor$Worker.run(ThreadPoolExecutor.java:642)
at java.base/java.lang.Thread.run(Thread.java:1583)
... Removed 14 stack frames]]>
    </failure>
  </testcase> <!-- blackButtonFinding -->
  <testcase classname="Activity_2_Test" name="checkTitle" time="0.046"/>
  <testcase classname="Activity_6_Test" name="homePageTest" time="0.894"/>
  <testcase classname="Activity_7_Test" name="loginTest" time="0.678">
    <failure type="java.lang.AssertionError" message="expected [Invalid Credentials] but found [Invalid credentials]">
      <![CDATA[java.lang.AssertionError: expected [Invalid Credentials] but found [Invalid credentials]
at Activity_7_Test.loginTest(Activity_7_Test.java:53)
at java.base/java.util.concurrent.Executors$RunnableAdapter.call(Executors.java:572)
at java.base/java.util.concurrent.FutureTask.run(FutureTask.java:317)
at java.base/java.util.concurrent.ThreadPoolExecutor.runWorker(ThreadPoolExecutor.java:1144)
at java.base/java.util.concurrent.ThreadPoolExecutor$Worker.run(ThreadPoolExecutor.java:642)
at java.base/java.lang.Thread.run(Thread.java:1583)
... Removed 17 stack frames]]>
    </failure>
  </testcase> <!-- loginTest -->
  <testcase classname="Activity_7_Test" name="loginTest" time="0.362">
    <failure type="java.lang.AssertionError" message="expected [Invalid Credentials] but found [Invalid credentials]">
      <![CDATA[java.lang.AssertionError: expected [Invalid Credentials] but found [Invalid credentials]
at Activity_7_Test.loginTest(Activity_7_Test.java:53)
at java.base/java.util.concurrent.Executors$RunnableAdapter.call(Executors.java:572)
at java.base/java.util.concurrent.FutureTask.run(FutureTask.java:317)
at java.base/java.util.concurrent.ThreadPoolExecutor.runWorker(ThreadPoolExecutor.java:1144)
at java.base/java.util.concurrent.ThreadPoolExecutor$Worker.run(ThreadPoolExecutor.java:642)
at java.base/java.lang.Thread.run(Thread.java:1583)
... Removed 17 stack frames]]>
    </failure>
  </testcase> <!-- loginTest -->
  <testcase classname="Activity_2_Test" name="skippedMethod" time="0.0">
    <ignored/>
  </testcase> <!-- skippedMethod -->
</testsuite> <!-- FSTActivities -->
